<?xml version="1.0" encoding="UTF-8"?>
<testsuite xmlns:xsi="http://www.w3.org/2001/XMLSchema-instance" xsi:noNamespaceSchemaLocation="https://maven.apache.org/surefire/maven-surefire-plugin/xsd/surefire-test-report.xsd" version="3.0.2" name="ec.edu.espol.petdaycare.patterns.Template.TemplateTest" time="0.081" tests="2" errors="0" skipped="0" failures="0">
  <properties>
[...]
</properties>
  <testcase name="testVetReservationProcessor" classname="ec.edu.espol.petdaycare.patterns.Template.TemplateTest" time="0.039">
    <system-out><![CDATA[Reservando atención veterinaria...
vetStepExecuted seteado a: true
Calculando costos con servicio veterinario
Reservando cita veterinaria
Enviando confirmacion de cita veterinaria
]]></system-out>
  </testcase>
  <testcase name="testEmergencyReservationProcessor" classname="ec.edu.espol.petdaycare.patterns.Template.TemplateTest" time="0.004">
    <system-out><![CDATA[Validacion prioritaria para emergencia...
Calculando tarifa de emergencia...
Reservando servicio de emergencia...
Notificando al usuario y al personal de emergencia
]]></system-out>
  </testcase>
</testsuite>